<?xml version="1.0" encoding="UTF-8"?>
<!-- Generated by org.testng.reporters.JUnitReportReporter -->
<testsuite hostname="DESKTOP-8HI544M" failures="0" tests="1" name="testCases.TC1_validUser_validPassword" time="6.977" errors="0" timestamp="2024-07-18T16:41:31 IST" skipped="0">
  <testcase classname="testCases.TC1_validUser_validPassword" name="test_validUser_validPassword" time="6.977"/>
  <system-out/>
</testsuite> <!-- testCases.TC1_validUser_validPassword -->
