<?xml version="1.0" encoding="UTF-8"?>
<!-- Generated by org.testng.reporters.JUnitReportReporter -->
<testsuite hostname="DESKTOP-8HI544M" failures="0" tests="1" name="testCases.TC3_emptyUser_emptyPassword2" time="31.275" errors="0" timestamp="2024-06-27T20:58:51 CEST" skipped="0">
  <testcase classname="testCases.TC3_emptyUser_emptyPassword2" name="testemptyUser_emptyPassword" time="31.275"/>
  <system-out/>
</testsuite> <!-- testCases.TC3_emptyUser_emptyPassword2 -->
