<?xml version="1.0" encoding="UTF-8"?>
<!-- Generated by org.testng.reporters.JUnitReportReporter -->
<testsuite hostname="DESKTOP-8HI544M" failures="0" tests="1" name="testCases.TC5_emptyUser_validPassword" time="4.691" errors="0" timestamp="2024-07-18T16:41:31 IST" skipped="0">
  <testcase classname="testCases.TC5_emptyUser_validPassword" name="test_emptyUser_validPassword" time="4.691"/>
  <system-out/>
</testsuite> <!-- testCases.TC5_emptyUser_validPassword -->
