<?xml version="1.0" encoding="UTF-8"?>
<!-- Generated by org.testng.reporters.JUnitReportReporter -->
<testsuite hostname="DESKTOP-8HI544M" failures="0" tests="1" name="testCases.LoginPostiveCase" time="24.349" errors="0" timestamp="2024-06-25T23:17:24 CEST" skipped="0">
  <testcase classname="testCases.LoginPostiveCase" name="loginPage_positiveTest" time="24.349"/>
  <system-out/>
</testsuite> <!-- testCases.LoginPostiveCase -->
