<?xml version="1.0" encoding="UTF-8"?>
<!-- Generated by org.testng.reporters.JUnitReportReporter -->
<testsuite hostname="DESKTOP-8HI544M" failures="0" tests="1" name="testCases.LoginNegativeCase" time="24.740" errors="0" timestamp="2024-06-25T23:40:53 CEST" skipped="0">
  <testcase classname="testCases.LoginNegativeCase" name="loginPage_negativeTest" time="24.740"/>
  <system-out/>
</testsuite> <!-- testCases.LoginNegativeCase -->
