<?xml version="1.0" encoding="UTF-8"?>
<!-- Generated by org.testng.reporters.JUnitReportReporter -->
<testsuite hostname="DESKTOP-8HI544M" failures="0" tests="1" name="testCases.TC7_invalidUser_validPassword" time="2.786" errors="0" timestamp="2024-07-18T16:41:31 IST" skipped="0">
  <testcase classname="testCases.TC7_invalidUser_validPassword" name="test_invalidUser_validPassword" time="2.786"/>
  <system-out/>
</testsuite> <!-- testCases.TC7_invalidUser_validPassword -->
