<?xml version="1.0" encoding="UTF-8"?>
<!-- Generated by org.testng.reporters.JUnitReportReporter -->
<testsuite hostname="DESKTOP-8HI544M" failures="0" tests="1" name="testCases.TC4_validUser_emptyPassword" time="4.889" errors="0" timestamp="2024-07-18T16:41:31 IST" skipped="0">
  <testcase classname="testCases.TC4_validUser_emptyPassword" name="test_validUser_emptyPassword" time="4.889"/>
  <system-out/>
</testsuite> <!-- testCases.TC4_validUser_emptyPassword -->
