<?xml version="1.0" encoding="UTF-8"?>
<!-- Generated by org.testng.reporters.JUnitReportReporter -->
<testsuite hostname="DESKTOP-8HI544M" failures="0" tests="1" name="testCases.TC2_invalidUser_invalidPassword" time="7.024" errors="0" timestamp="2024-07-18T16:41:31 IST" skipped="0">
  <testcase classname="testCases.TC2_invalidUser_invalidPassword" name="test_invalidUser_invalidPassword" time="7.024"/>
  <system-out/>
</testsuite> <!-- testCases.TC2_invalidUser_invalidPassword -->
