<?xml version="1.0" encoding="UTF-8"?>
<!-- Generated by org.testng.reporters.JUnitReportReporter -->
<testsuite hostname="DESKTOP-8HI544M" failures="0" tests="3" name="testCases.LoginTest" time="21.526" errors="0" timestamp="2024-06-27T10:47:25 CEST" skipped="0">
  <testcase classname="testCases.LoginTest" name="testValidLogin" time="7.692"/>
  <system-out/>
  <testcase classname="testCases.LoginTest" name="testInvalidLogin" time="7.036"/>
  <system-out/>
  <testcase classname="testCases.LoginTest" name="testInvalidPassword" time="6.798"/>
  <system-out/>
</testsuite> <!-- testCases.LoginTest -->
